2025-03-03 12:08:26,259 - src.main - INFO - Starting Portfolio Simulator
2025-03-03 12:08:26,259 - src.main - INFO - Simulation period: 2000 to 2023
2025-03-03 12:08:26,259 - src.main - INFO - Loading market data and structured notes...
2025-03-03 12:08:26,259 - src.data_processing - INFO - Loading S&P 500 data from data/sp500_returns.csv
2025-03-03 12:08:26,271 - src.data_processing - INFO - Loaded S&P 500 returns for 48 years
2025-03-03 12:08:26,272 - src.data_processing - INFO - Loading bond return data from data/bond_returns.csv
2025-03-03 12:08:26,274 - src.data_processing - INFO - Loaded bond returns for 49 years
2025-03-03 12:08:26,274 - src.data_processing - INFO - Loading structured note data from data/structured_notes.csv
2025-03-03 12:08:26,276 - src.data_processing - INFO - Loaded 196 structured notes
2025-03-03 12:08:26,276 - src.data_processing - INFO - Aligning data from 2000 to 2023
2025-03-03 12:08:26,277 - src.data_processing - INFO - Found overlapping data for 24 years: 2000.0 to 2023.0
2025-03-03 12:08:26,278 - src.main - INFO - Running portfolio simulation...
2025-03-03 12:08:26,278 - src.portfolio - INFO - Created portfolio with initial value $1,000,000.00
2025-03-03 12:08:26,278 - src.portfolio - INFO -   Allocations: {'sp500': 0.6, 'bonds': 0.4}
2025-03-03 12:08:26,278 - src.simulation - INFO - Created portfolio 'traditional' with allocations: {'sp500': 0.6, 'bonds': 0.4}
2025-03-03 12:08:26,278 - src.portfolio - INFO - Created portfolio with initial value $1,000,000.00
2025-03-03 12:08:26,278 - src.portfolio - INFO -   Allocations: {'sp500': 0.4, 'bonds': 0.3, 'notes': 0.3}
2025-03-03 12:08:26,278 - src.simulation - INFO - Created portfolio 'structured' with allocations: {'sp500': 0.4, 'bonds': 0.3, 'notes': 0.3}
2025-03-03 12:08:26,278 - src.retirement - INFO - Created withdrawal strategy: FixedPercentageWithdrawal
2025-03-03 12:08:26,278 - src.retirement - INFO - Fixed percentage withdrawal: 5.00%
2025-03-03 12:08:26,278 - src.simulation - INFO - Created withdrawal strategy: FixedPercentageWithdrawal
2025-03-03 12:08:26,278 - src.simulation - INFO - Initialized simulation: 2000 to 2023
2025-03-03 12:08:26,278 - src.simulation - INFO - Running simulation from 2000 to 2023
2025-03-03 12:08:26,278 - src.simulation - INFO - Simulating year 2000
2025-03-03 12:08:26,279 - src.simulation - INFO -   Portfolio 'traditional': $935,683.98 (Return: -6.43%)
2025-03-03 12:08:26,279 - src.simulation - INFO -   Portfolio 'structured': $943,682.42 (Return: -5.63%)
2025-03-03 12:08:26,279 - src.simulation - INFO - Simulating year 2001
2025-03-03 12:08:26,279 - src.simulation - INFO -   Portfolio 'traditional': $849,160.02 (Return: -9.25%)
2025-03-03 12:08:26,279 - src.simulation - INFO -   Portfolio 'structured': $864,101.77 (Return: -8.43%)
2025-03-03 12:08:26,279 - src.simulation - INFO - Simulating year 2002
2025-03-03 12:08:26,279 - src.simulation - INFO -   Portfolio 'traditional': $720,817.39 (Return: -15.11%)
2025-03-03 12:08:26,280 - src.simulation - INFO -   Portfolio 'structured': $732,024.09 (Return: -15.28%)
2025-03-03 12:08:26,280 - src.simulation - INFO - Simulating year 2003
2025-03-03 12:08:26,280 - src.simulation - INFO -   Portfolio 'traditional': $803,862.28 (Return: 11.52%)
2025-03-03 12:08:26,280 - src.simulation - INFO -   Portfolio 'structured': $830,754.42 (Return: 13.49%)
2025-03-03 12:08:26,280 - src.simulation - INFO - Simulating year 2004
2025-03-03 12:08:26,280 - src.simulation - INFO -   Portfolio 'traditional': $817,929.83 (Return: 1.75%)
2025-03-03 12:08:26,280 - src.simulation - INFO -   Portfolio 'structured': $848,778.28 (Return: 2.17%)
2025-03-03 12:08:26,280 - src.simulation - INFO - Simulating year 2005
2025-03-03 12:08:26,281 - src.simulation - INFO -   Portfolio 'traditional': $798,572.90 (Return: -2.37%)
2025-03-03 12:08:26,281 - src.simulation - INFO -   Portfolio 'structured': $829,601.57 (Return: -2.26%)
2025-03-03 12:08:26,281 - src.simulation - INFO - Simulating year 2006
2025-03-03 12:08:26,281 - src.simulation - INFO -   Portfolio 'traditional': $833,710.69 (Return: 4.40%)
2025-03-03 12:08:26,281 - src.simulation - INFO -   Portfolio 'structured': $875,553.62 (Return: 5.54%)
2025-03-03 12:08:26,281 - src.simulation - INFO - Simulating year 2007
2025-03-03 12:08:26,281 - src.simulation - INFO -   Portfolio 'traditional': $828,119.18 (Return: -0.67%)
2025-03-03 12:08:26,281 - src.simulation - INFO -   Portfolio 'structured': $867,530.48 (Return: -0.92%)
2025-03-03 12:08:26,282 - src.simulation - INFO - Simulating year 2008
2025-03-03 12:08:26,282 - src.simulation - INFO -   Portfolio 'traditional': $626,649.29 (Return: -24.33%)
2025-03-03 12:08:26,282 - src.simulation - INFO -   Portfolio 'structured': $643,821.83 (Return: -25.79%)
2025-03-03 12:08:26,282 - src.simulation - INFO - Simulating year 2009
2025-03-03 12:08:26,282 - src.simulation - INFO -   Portfolio 'traditional': $687,752.65 (Return: 9.75%)
2025-03-03 12:08:26,282 - src.simulation - INFO -   Portfolio 'structured': $724,984.76 (Return: 12.61%)
2025-03-03 12:08:26,282 - src.simulation - INFO - Simulating year 2010
2025-03-03 12:08:26,283 - src.simulation - INFO -   Portfolio 'traditional': $719,675.65 (Return: 4.64%)
2025-03-03 12:08:26,283 - src.simulation - INFO -   Portfolio 'structured': $763,223.61 (Return: 5.27%)
2025-03-03 12:08:26,283 - src.simulation - INFO - Simulating year 2011
2025-03-03 12:08:26,283 - src.simulation - INFO -   Portfolio 'traditional': $705,364.62 (Return: -1.99%)
2025-03-03 12:08:26,283 - src.simulation - INFO -   Portfolio 'structured': $742,301.71 (Return: -2.74%)
2025-03-03 12:08:26,283 - src.simulation - INFO - Simulating year 2012
2025-03-03 12:08:26,284 - src.simulation - INFO -   Portfolio 'traditional': $731,877.89 (Return: 3.76%)
2025-03-03 12:08:26,284 - src.simulation - INFO -   Portfolio 'structured': $778,834.06 (Return: 4.92%)
2025-03-03 12:08:26,284 - src.simulation - INFO - Simulating year 2013
2025-03-03 12:08:26,284 - src.simulation - INFO -   Portfolio 'traditional': $812,910.49 (Return: 11.07%)
2025-03-03 12:08:26,284 - src.simulation - INFO -   Portfolio 'structured': $892,276.11 (Return: 14.57%)
2025-03-03 12:08:26,284 - src.simulation - INFO - Simulating year 2014
2025-03-03 12:08:26,284 - src.simulation - INFO -   Portfolio 'traditional': $843,016.19 (Return: 3.70%)
2025-03-03 12:08:26,284 - src.simulation - INFO -   Portfolio 'structured': $930,087.28 (Return: 4.24%)
2025-03-03 12:08:26,284 - src.simulation - INFO - Simulating year 2015
2025-03-03 12:08:26,284 - src.simulation - INFO -   Portfolio 'traditional': $799,164.53 (Return: -5.20%)
2025-03-03 12:08:26,285 - src.simulation - INFO -   Portfolio 'structured': $882,496.53 (Return: -5.12%)
2025-03-03 12:08:26,285 - src.simulation - INFO - Simulating year 2016
2025-03-03 12:08:26,285 - src.simulation - INFO -   Portfolio 'traditional': $810,298.10 (Return: 1.39%)
2025-03-03 12:08:26,285 - src.simulation - INFO -   Portfolio 'structured': $901,151.76 (Return: 2.11%)
2025-03-03 12:08:26,285 - src.simulation - INFO - Simulating year 2017
2025-03-03 12:08:26,285 - src.simulation - INFO -   Portfolio 'traditional': $871,793.06 (Return: 7.59%)
2025-03-03 12:08:26,285 - src.simulation - INFO -   Portfolio 'structured': $985,751.11 (Return: 9.39%)
2025-03-03 12:08:26,285 - src.simulation - INFO - Simulating year 2018
2025-03-03 12:08:26,286 - src.simulation - INFO -   Portfolio 'traditional': $797,593.15 (Return: -8.51%)
2025-03-03 12:08:26,286 - src.simulation - INFO -   Portfolio 'structured': $913,425.39 (Return: -7.34%)
2025-03-03 12:08:26,286 - src.simulation - INFO - Simulating year 2019
2025-03-03 12:08:26,287 - src.simulation - INFO -   Portfolio 'traditional': $915,775.48 (Return: 14.82%)
2025-03-03 12:08:26,287 - src.simulation - INFO -   Portfolio 'structured': $1,062,646.05 (Return: 16.34%)
2025-03-03 12:08:26,287 - src.simulation - INFO - Simulating year 2020
2025-03-03 12:08:26,287 - src.simulation - INFO -   Portfolio 'traditional': $981,705.02 (Return: 7.20%)
2025-03-03 12:08:26,287 - src.simulation - INFO -   Portfolio 'structured': $1,142,975.80 (Return: 7.56%)
2025-03-03 12:08:26,287 - src.simulation - INFO - Simulating year 2021
2025-03-03 12:08:26,288 - src.simulation - INFO -   Portfolio 'traditional': $1,076,161.16 (Return: 9.62%)
2025-03-03 12:08:26,288 - src.simulation - INFO -   Portfolio 'structured': $1,268,740.70 (Return: 11.00%)
2025-03-03 12:08:26,288 - src.simulation - INFO - Simulating year 2022
2025-03-03 12:08:26,288 - src.simulation - INFO -   Portfolio 'traditional': $849,467.40 (Return: -21.07%)
2025-03-03 12:08:26,288 - src.simulation - INFO -   Portfolio 'structured': $1,030,008.75 (Return: -18.82%)
2025-03-03 12:08:26,288 - src.simulation - INFO - Simulating year 2023
2025-03-03 12:08:26,289 - src.simulation - INFO -   Portfolio 'traditional': $942,569.43 (Return: 10.96%)
2025-03-03 12:08:26,289 - src.simulation - INFO -   Portfolio 'structured': $1,161,124.57 (Return: 12.73%)
2025-03-03 12:08:26,289 - src.simulation - INFO - Simulation completed
2025-03-03 12:08:26,292 - src.main - INFO - Saved detailed results to results/simulation_results_20250303_120826.csv
2025-03-03 12:08:26,293 - src.main - INFO - Saved summary statistics to results/simulation_summary_20250303_120826.csv
2025-03-03 12:08:26,718 - src.main - INFO - Saved portfolio values plot to results/portfolio_values_20250303_120826.png
2025-03-03 12:08:26,952 - src.main - INFO - Saved annual returns plot to results/annual_returns_20250303_120826.png
2025-03-03 12:08:26,952 - src.main - INFO - Simulation completed successfully
