2025-03-03 12:08:08,767 - src.main - INFO - Starting Portfolio Simulator
2025-03-03 12:08:08,772 - src.main - INFO - Simulation period: 2005 to 2023
2025-03-03 12:08:08,772 - src.main - INFO - Loading market data and structured notes...
2025-03-03 12:08:08,772 - src.data_processing - INFO - Loading S&P 500 data from data/sp500_returns.csv
2025-03-03 12:08:08,783 - src.data_processing - INFO - Loaded S&P 500 returns for 48 years
2025-03-03 12:08:08,784 - src.data_processing - INFO - Loading bond return data from data/bond_returns.csv
2025-03-03 12:08:08,786 - src.data_processing - INFO - Loaded bond returns for 49 years
2025-03-03 12:08:08,786 - src.data_processing - INFO - Loading structured note data from data/structured_notes.csv
2025-03-03 12:08:08,787 - src.data_processing - INFO - Loaded 196 structured notes
2025-03-03 12:08:08,787 - src.data_processing - INFO - Aligning data from 2005 to 2023
2025-03-03 12:08:08,788 - src.data_processing - INFO - Found overlapping data for 19 years: 2005.0 to 2023.0
2025-03-03 12:08:08,789 - src.main - INFO - Running portfolio simulation...
2025-03-03 12:08:08,790 - src.portfolio - INFO - Created portfolio with initial value $1,000,000.00
2025-03-03 12:08:08,790 - src.portfolio - INFO -   Allocations: {'sp500': 0.6, 'bonds': 0.4}
2025-03-03 12:08:08,790 - src.simulation - INFO - Created portfolio 'traditional' with allocations: {'sp500': 0.6, 'bonds': 0.4}
2025-03-03 12:08:08,790 - src.portfolio - INFO - Created portfolio with initial value $1,000,000.00
2025-03-03 12:08:08,790 - src.portfolio - INFO -   Allocations: {'sp500': 0.4, 'bonds': 0.3, 'notes': 0.3}
2025-03-03 12:08:08,790 - src.simulation - INFO - Created portfolio 'structured' with allocations: {'sp500': 0.4, 'bonds': 0.3, 'notes': 0.3}
2025-03-03 12:08:08,790 - src.retirement - INFO - Created withdrawal strategy: FixedPercentageWithdrawal
2025-03-03 12:08:08,790 - src.retirement - INFO - Fixed percentage withdrawal: 4.00%
2025-03-03 12:08:08,790 - src.simulation - INFO - Created withdrawal strategy: FixedPercentageWithdrawal
2025-03-03 12:08:08,790 - src.simulation - INFO - Initialized simulation: 2005 to 2023
2025-03-03 12:08:08,790 - src.simulation - INFO - Running simulation from 2005 to 2023
2025-03-03 12:08:08,790 - src.simulation - INFO - Simulating year 2005
2025-03-03 12:08:08,790 - src.simulation - INFO -   Portfolio 'traditional': $986,611.44 (Return: -1.34%)
2025-03-03 12:08:08,790 - src.simulation - INFO -   Portfolio 'structured': $986,968.84 (Return: -1.30%)
2025-03-03 12:08:08,790 - src.simulation - INFO - Simulating year 2006
2025-03-03 12:08:08,791 - src.simulation - INFO -   Portfolio 'traditional': $1,040,865.42 (Return: 5.50%)
2025-03-03 12:08:08,791 - src.simulation - INFO -   Portfolio 'structured': $1,049,746.55 (Return: 6.36%)
2025-03-03 12:08:08,791 - src.simulation - INFO - Simulating year 2007
2025-03-03 12:08:08,791 - src.simulation - INFO -   Portfolio 'traditional': $1,044,767.57 (Return: 0.37%)
2025-03-03 12:08:08,791 - src.simulation - INFO -   Portfolio 'structured': $1,049,868.45 (Return: 0.01%)
2025-03-03 12:08:08,791 - src.simulation - INFO - Simulating year 2008
2025-03-03 12:08:08,791 - src.simulation - INFO -   Portfolio 'traditional': $798,912.13 (Return: -23.53%)
2025-03-03 12:08:08,792 - src.simulation - INFO -   Portfolio 'structured': $802,460.20 (Return: -23.57%)
2025-03-03 12:08:08,792 - src.simulation - INFO - Simulating year 2009
2025-03-03 12:08:08,792 - src.simulation - INFO -   Portfolio 'traditional': $886,042.11 (Return: 10.91%)
2025-03-03 12:08:08,792 - src.simulation - INFO -   Portfolio 'structured': $905,113.42 (Return: 12.79%)
2025-03-03 12:08:08,792 - src.simulation - INFO - Simulating year 2010
2025-03-03 12:08:08,792 - src.simulation - INFO -   Portfolio 'traditional': $936,928.68 (Return: 5.74%)
2025-03-03 12:08:08,792 - src.simulation - INFO -   Portfolio 'structured': $957,747.24 (Return: 5.82%)
2025-03-03 12:08:08,792 - src.simulation - INFO - Simulating year 2011
2025-03-03 12:08:08,793 - src.simulation - INFO -   Portfolio 'traditional': $927,963.77 (Return: -0.96%)
2025-03-03 12:08:08,793 - src.simulation - INFO -   Portfolio 'structured': $941,298.15 (Return: -1.72%)
2025-03-03 12:08:08,793 - src.simulation - INFO - Simulating year 2012
2025-03-03 12:08:08,793 - src.simulation - INFO -   Portfolio 'traditional': $972,979.30 (Return: 4.85%)
2025-03-03 12:08:08,793 - src.simulation - INFO -   Portfolio 'structured': $991,339.43 (Return: 5.32%)
2025-03-03 12:08:08,793 - src.simulation - INFO - Simulating year 2013
2025-03-03 12:08:08,793 - src.simulation - INFO -   Portfolio 'traditional': $1,092,082.21 (Return: 12.24%)
2025-03-03 12:08:08,793 - src.simulation - INFO -   Portfolio 'structured': $1,134,963.29 (Return: 14.49%)
2025-03-03 12:08:08,793 - src.simulation - INFO - Simulating year 2014
2025-03-03 12:08:08,794 - src.simulation - INFO -   Portfolio 'traditional': $1,144,448.22 (Return: 4.80%)
2025-03-03 12:08:08,794 - src.simulation - INFO -   Portfolio 'structured': $1,190,151.47 (Return: 4.86%)
2025-03-03 12:08:08,794 - src.simulation - INFO - Simulating year 2015
2025-03-03 12:08:08,794 - src.simulation - INFO -   Portfolio 'traditional': $1,096,336.97 (Return: -4.20%)
2025-03-03 12:08:08,794 - src.simulation - INFO -   Portfolio 'structured': $1,141,140.62 (Return: -4.12%)
2025-03-03 12:08:08,794 - src.simulation - INFO - Simulating year 2016
2025-03-03 12:08:08,795 - src.simulation - INFO -   Portfolio 'traditional': $1,123,311.77 (Return: 2.46%)
2025-03-03 12:08:08,795 - src.simulation - INFO -   Portfolio 'structured': $1,171,986.86 (Return: 2.70%)
2025-03-03 12:08:08,795 - src.simulation - INFO - Simulating year 2017
2025-03-03 12:08:08,795 - src.simulation - INFO -   Portfolio 'traditional': $1,221,283.60 (Return: 8.72%)
2025-03-03 12:08:08,795 - src.simulation - INFO -   Portfolio 'structured': $1,287,926.26 (Return: 9.89%)
2025-03-03 12:08:08,795 - src.simulation - INFO - Simulating year 2018
2025-03-03 12:08:08,795 - src.simulation - INFO -   Portfolio 'traditional': $1,129,099.35 (Return: -7.55%)
2025-03-03 12:08:08,795 - src.simulation - INFO -   Portfolio 'structured': $1,205,992.00 (Return: -6.36%)
2025-03-03 12:08:08,795 - src.simulation - INFO - Simulating year 2019
2025-03-03 12:08:08,796 - src.simulation - INFO -   Portfolio 'traditional': $1,310,048.53 (Return: 16.03%)
2025-03-03 12:08:08,796 - src.simulation - INFO -   Portfolio 'structured': $1,401,256.86 (Return: 16.19%)
2025-03-03 12:08:08,796 - src.simulation - INFO - Simulating year 2020
2025-03-03 12:08:08,796 - src.simulation - INFO -   Portfolio 'traditional': $1,419,145.78 (Return: 8.33%)
2025-03-03 12:08:08,796 - src.simulation - INFO -   Portfolio 'structured': $1,510,762.98 (Return: 7.81%)
2025-03-03 12:08:08,796 - src.simulation - INFO - Simulating year 2021
2025-03-03 12:08:08,796 - src.simulation - INFO -   Portfolio 'traditional': $1,572,066.60 (Return: 10.78%)
2025-03-03 12:08:08,796 - src.simulation - INFO -   Portfolio 'structured': $1,671,825.69 (Return: 10.66%)
2025-03-03 12:08:08,796 - src.simulation - INFO - Simulating year 2022
2025-03-03 12:08:08,797 - src.simulation - INFO -   Portfolio 'traditional': $1,253,972.39 (Return: -20.23%)
2025-03-03 12:08:08,797 - src.simulation - INFO -   Portfolio 'structured': $1,395,608.55 (Return: -16.52%)
2025-03-03 12:08:08,797 - src.simulation - INFO - Simulating year 2023
2025-03-03 12:08:08,797 - src.simulation - INFO -   Portfolio 'traditional': $1,406,054.76 (Return: 12.13%)
2025-03-03 12:08:08,797 - src.simulation - INFO -   Portfolio 'structured': $1,577,804.76 (Return: 13.05%)
2025-03-03 12:08:08,797 - src.simulation - INFO - Simulation completed
2025-03-03 12:08:08,800 - src.main - INFO - Saved detailed results to results/simulation_results_20250303_120808.csv
2025-03-03 12:08:08,801 - src.main - INFO - Saved summary statistics to results/simulation_summary_20250303_120808.csv
2025-03-03 12:08:09,291 - src.main - INFO - Saved portfolio values plot to results/portfolio_values_20250303_120808.png
2025-03-03 12:08:09,550 - src.main - INFO - Saved annual returns plot to results/annual_returns_20250303_120808.png
2025-03-03 12:08:09,550 - src.main - INFO - Simulation completed successfully
